Camera2Basic/build/intermediates/manifest_merge_blame_file/debug/manifest-merger-blame-debug-report.txt
1<?xml version="1.0" encoding="utf-8"?>
2<!--
3  ~ Copyright 2020 The Android Open Source Project
4  ~
5  ~ Licensed under the Apache License, Version 2.0 (the "License");
6  ~ you may not use this file except in compliance with the License.
7  ~ You may obtain a copy of the License at
8  ~
9  ~     https://www.apache.org/licenses/LICENSE-2.0
10  ~
11  ~ Unless required by applicable law or agreed to in writing, software
12  ~ distributed under the License is distributed on an "AS IS" BASIS,
13  ~ WITHOUT WARRANTIES OR CONDITIONS OF ANY KIND, either express or implied.
14  ~ See the License for the specific language governing permissions and
15  ~ limitations under the License.
16-->
17<manifest xmlns:android="http://schemas.android.com/apk/res/android"
18    package="com.android.example.camera2.basic"
19    android:versionCode="1"
20    android:versionName="1.0.0" >
21
22    <uses-sdk
23        android:minSdkVersion="21"
23-->src\main\AndroidManifest.xml
24        android:targetSdkVersion="32" />
24-->src\main\AndroidManifest.xml
25
26    <!-- Permission declarations -->
27    <uses-permission android:name="android.permission.CAMERA" />
27-->src\main\AndroidManifest.xml:22:5-65
27-->src\main\AndroidManifest.xml:22:22-62
28
29    <!-- A camera with (optional) RAW capability is required to use this application -->
30    <uses-feature android:name="android.hardware.camera.any" />
30-->src\main\AndroidManifest.xml:25:5-64
30-->src\main\AndroidManifest.xml:25:19-61
31    <uses-feature
31-->src\main\AndroidManifest.xml:26:5-89
32        android:name="android.hardware.camera.raw"
32-->src\main\AndroidManifest.xml:26:19-61
33        android:required="false" />
33-->src\main\AndroidManifest.xml:26:62-86
34
35    <application
35-->src\main\AndroidManifest.xml:28:5-48:19
36        android:allowBackup="true"
36-->src\main\AndroidManifest.xml:29:9-35
37        android:appComponentFactory="androidx.core.app.CoreComponentFactory"
37-->[androidx.core:core:1.8.0] AndroidManifest.xml:24:18-86
38        android:debuggable="true"
39        android:fullBackupContent="true"
39-->src\main\AndroidManifest.xml:30:9-41
40        android:icon="@drawable/ic_launcher"
40-->src\main\AndroidManifest.xml:32:9-45
41        android:label="@string/app_name"
41-->src\main\AndroidManifest.xml:31:9-41
42        android:testOnly="true" >
43        <activity
43-->src\main\AndroidManifest.xml:35:9-47:20
44            android:name="com.example.android.camera2.basic.CameraActivity"
44-->src\main\AndroidManifest.xml:36:13-76
45            android:clearTaskOnLaunch="true"
45-->src\main\AndroidManifest.xml:37:13-45
46            android:exported="true"
46-->src\main\AndroidManifest.xml:39:13-36
47            android:theme="@style/AppTheme" >
47-->src\main\AndroidManifest.xml:38:13-44
48
49            <!-- Main app intent filter -->
50            <intent-filter>
50-->src\main\AndroidManifest.xml:42:13-45:29
51                <action android:name="android.intent.action.MAIN" />
51-->src\main\AndroidManifest.xml:43:17-69
51-->src\main\AndroidManifest.xml:43:25-66
52
53                <category android:name="android.intent.category.LAUNCHER" />
53-->src\main\AndroidManifest.xml:44:17-77
53-->src\main\AndroidManifest.xml:44:27-74
54            </intent-filter>
55        </activity>
56
57        <uses-library
57-->[androidx.window:window:1.0.0] AndroidManifest.xml:25:9-27:40
58            android:name="androidx.window.extensions"
58-->[androidx.window:window:1.0.0] AndroidManifest.xml:26:13-54
59            android:required="false" />
59-->[androidx.window:window:1.0.0] AndroidManifest.xml:27:13-37
60        <uses-library
60-->[androidx.window:window:1.0.0] AndroidManifest.xml:28:9-30:40
61            android:name="androidx.window.sidecar"
61-->[androidx.window:window:1.0.0] AndroidManifest.xml:29:13-51
62            android:required="false" />
62-->[androidx.window:window:1.0.0] AndroidManifest.xml:30:13-37
63
64        <provider
64-->[androidx.emoji2:emoji2:1.0.0] AndroidManifest.xml:26:9-34:20
65            android:name="androidx.startup.InitializationProvider"
65-->[androidx.emoji2:emoji2:1.0.0] AndroidManifest.xml:27:13-67
66            android:authorities="com.android.example.camera2.basic.androidx-startup"
66-->[androidx.emoji2:emoji2:1.0.0] AndroidManifest.xml:28:13-68
67            android:exported="false" >
67-->[androidx.emoji2:emoji2:1.0.0] AndroidManifest.xml:29:13-37
68            <meta-data
68-->[androidx.emoji2:emoji2:1.0.0] AndroidManifest.xml:31:13-33:52
69                android:name="androidx.emoji2.text.EmojiCompatInitializer"
69-->[androidx.emoji2:emoji2:1.0.0] AndroidManifest.xml:32:17-75
70                android:value="androidx.startup" />
70-->[androidx.emoji2:emoji2:1.0.0] AndroidManifest.xml:33:17-49
71            <meta-data
71-->[androidx.lifecycle:lifecycle-process:2.4.0] AndroidManifest.xml:31:13-33:52
72                android:name="androidx.lifecycle.ProcessLifecycleInitializer"
72-->[androidx.lifecycle:lifecycle-process:2.4.0] AndroidManifest.xml:32:17-78
73                android:value="androidx.startup" />
73-->[androidx.lifecycle:lifecycle-process:2.4.0] AndroidManifest.xml:33:17-49
74        </provider>
75    </application>
76
77</manifest>